#
# There is insufficient memory for the Java Runtime Environment to continue.
# Native memory allocation (malloc) failed to allocate 735376 bytes for Chunk::new
# Possible reasons:
#   The system is out of physical RAM or swap space
#   The process is running with CompressedOops enabled, and the Java Heap may be blocking the growth of the native heap
# Possible solutions:
#   Reduce memory load on the system
#   Increase physical memory or swap space
#   Check if swap backing store is full
#   Decrease Java heap size (-Xmx/-Xms)
#   Decrease number of Java threads
#   Decrease Java thread stack sizes (-Xss)
#   Set larger code cache with -XX:ReservedCodeCacheSize=
#   JVM is running with Unscaled Compressed Oops mode in which the Java heap is
#     placed in the first 4GB address space. The Java Heap base address is the
#     maximum limit for the native heap growth. Please use -XX:HeapBaseMinAddress
#     to set the Java Heap base and to place the Java Heap above 4GB virtual address.
# This output file may be truncated or incomplete.
#
#  Out of Memory Error (arena.cpp:191), pid=4832, tid=31688
#
# JRE version: OpenJDK Runtime Environment Temurin-17.0.10+7 (17.0.10+7) (build 17.0.10+7)
# Java VM: OpenJDK 64-Bit Server VM Temurin-17.0.10+7 (17.0.10+7, mixed mode, tiered, compressed oops, compressed class ptrs, g1 gc, windows-amd64)
# No core dump will be written. Minidumps are not enabled by default on client versions of Windows
#

---------------  S U M M A R Y ------------

Command Line: -Dfile.encoding=UTF-8 -Dstdout.encoding=UTF-8 -Dstderr.encoding=UTF-8 -XX:+ShowCodeDetailsInExceptionMessages day6.Uploadfile

Host: 11th Gen Intel(R) Core(TM) i3-1115G4 @ 3.00GHz, 4 cores, 7G,  Windows 11 , 64 bit Build 22621 (10.0.22621.3374)
Time: Thu May  9 12:53:52 2024 India Standard Time elapsed time: 2.384757 seconds (0d 0h 0m 2s)

---------------  T H R E A D  ---------------

Current thread (0x0000022a3bc1fb90):  JavaThread "C2 CompilerThread0" daemon [_thread_in_native, id=31688, stack(0x000000570fd00000,0x000000570fe00000)]


Current CompileTask:
C2:   2384 1667       4       java.lang.invoke.MethodType::makeImpl (109 bytes)

Stack: [0x000000570fd00000,0x000000570fe00000]
Native frames: (J=compiled Java code, j=interpreted, Vv=VM code, C=native code)
V  [jvm.dll+0x67d2c9]
V  [jvm.dll+0x834afa]
V  [jvm.dll+0x8365be]
V  [jvm.dll+0x836c23]
V  [jvm.dll+0x2477ff]
V  [jvm.dll+0xac514]
V  [jvm.dll+0xacb5c]
V  [jvm.dll+0x2aed1f]
V  [jvm.dll+0x584b67]
V  [jvm.dll+0x2228a2]
V  [jvm.dll+0x21b5cd]
V  [jvm.dll+0x219201]
V  [jvm.dll+0x1a502d]
V  [jvm.dll+0x2290de]
V  [jvm.dll+0x2272ac]
V  [jvm.dll+0x7e9bb7]
V  [jvm.dll+0x7e3fba]
V  [jvm.dll+0x67c1b5]
C  [ucrtbase.dll+0x29333]
C  [KERNEL32.DLL+0x1257d]
C  [ntdll.dll+0x5aa48]


---------------  P R O C E S S  ---------------

Threads class SMR info:
_java_thread_list=0x0000022a40cb4b40, length=26, elements={
0x0000022a225b42d0, 0x0000022a3bbf3260, 0x0000022a3bbf45c0, 0x0000022a3bc16140,
0x0000022a3bc18b10, 0x0000022a3bc1bc80, 0x0000022a3bc1c640, 0x0000022a3bc1fb90,
0x0000022a3bc329b0, 0x0000022a3bc3bed0, 0x0000022a3bda3130, 0x0000022a3bdb9140,
0x0000022a406c8c00, 0x0000022a407a8f80, 0x0000022a40805b60, 0x0000022a40806040,
0x0000022a407c5040, 0x0000022a407c5520, 0x0000022a407c5a00, 0x0000022a408c1f20,
0x0000022a408c1a10, 0x0000022a408c2430, 0x0000022a408c3870, 0x0000022a408c00c0,
0x0000022a408c2940, 0x0000022a408c2e50
}

Java Threads: ( => current thread )
  0x0000022a225b42d0 JavaThread "Forwarding maximizeCurrentWindow on session e31947f1e50af5fa8061a2aaba11b43a to remote" [_thread_blocked, id=39212, stack(0x000000570f000000,0x000000570f100000)]
  0x0000022a3bbf3260 JavaThread "Reference Handler" daemon [_thread_blocked, id=32836, stack(0x000000570f700000,0x000000570f800000)]
  0x0000022a3bbf45c0 JavaThread "Finalizer" daemon [_thread_blocked, id=37940, stack(0x000000570f800000,0x000000570f900000)]
  0x0000022a3bc16140 JavaThread "Signal Dispatcher" daemon [_thread_blocked, id=32956, stack(0x000000570f900000,0x000000570fa00000)]
  0x0000022a3bc18b10 JavaThread "Attach Listener" daemon [_thread_blocked, id=41992, stack(0x000000570fa00000,0x000000570fb00000)]
  0x0000022a3bc1bc80 JavaThread "Service Thread" daemon [_thread_blocked, id=38884, stack(0x000000570fb00000,0x000000570fc00000)]
  0x0000022a3bc1c640 JavaThread "Monitor Deflation Thread" daemon [_thread_blocked, id=33616, stack(0x000000570fc00000,0x000000570fd00000)]
=>0x0000022a3bc1fb90 JavaThread "C2 CompilerThread0" daemon [_thread_in_native, id=31688, stack(0x000000570fd00000,0x000000570fe00000)]
  0x0000022a3bc329b0 JavaThread "C1 CompilerThread0" daemon [_thread_blocked, id=32148, stack(0x000000570fe00000,0x000000570ff00000)]
  0x0000022a3bc3bed0 JavaThread "Sweeper thread" daemon [_thread_blocked, id=2236, stack(0x000000570ff00000,0x0000005710000000)]
  0x0000022a3bda3130 JavaThread "Notification Thread" daemon [_thread_blocked, id=37592, stack(0x0000005710000000,0x0000005710100000)]
  0x0000022a3bdb9140 JavaThread "Common-Cleaner" daemon [_thread_blocked, id=39912, stack(0x0000005710200000,0x0000005710300000)]
  0x0000022a406c8c00 JavaThread "ForkJoinPool.commonPool-worker-1" daemon [_thread_blocked, id=41904, stack(0x0000005710300000,0x0000005710400000)]
  0x0000022a407a8f80 JavaThread "HttpClient-1-SelectorManager" daemon [_thread_in_native, id=5064, stack(0x0000005710800000,0x0000005710900000)]
  0x0000022a40805b60 JavaThread "External Process Output Forwarder - C:\Users\alkau\.cache\selenium\chromedriver\win64\124.0.6367.155\chromedriver.exe" daemon [_thread_in_native, id=39272, stack(0x0000005710900000,0x0000005710a00000)]
  0x0000022a40806040 JavaThread "Driver Service Executor" daemon [_thread_blocked, id=36372, stack(0x0000005710a00000,0x0000005710b00000)]
  0x0000022a407c5040 JavaThread "Driver Service Executor" daemon [_thread_in_native, id=16716, stack(0x0000005710b00000,0x0000005710c00000)]
  0x0000022a407c5520 JavaThread "UrlChecker-2" daemon [_thread_blocked, id=39448, stack(0x0000005710c00000,0x0000005710d00000)]
  0x0000022a407c5a00 JavaThread "Keep-Alive-Timer" daemon [_thread_blocked, id=996, stack(0x0000005710e00000,0x0000005710f00000)]
  0x0000022a408c1f20 JavaThread "JdkHttpClient-0-0" daemon [_thread_blocked, id=38320, stack(0x0000005710f00000,0x0000005711000000)]
  0x0000022a408c1a10 JavaThread "JdkHttpClient-0-1" daemon [_thread_blocked, id=37912, stack(0x0000005711000000,0x0000005711100000)]
  0x0000022a408c2430 JavaThread "JdkHttpClient-0-2" daemon [_thread_blocked, id=41532, stack(0x0000005711100000,0x0000005711200000)]
  0x0000022a408c3870 JavaThread "HttpClient-2-SelectorManager" daemon [_thread_in_native, id=40568, stack(0x0000005711200000,0x0000005711300000)]
  0x0000022a408c00c0 JavaThread "JdkHttpClient-1-0" daemon [_thread_blocked, id=32580, stack(0x0000005711300000,0x0000005711400000)]
  0x0000022a408c2940 JavaThread "JdkHttpClient-1-1" daemon [_thread_blocked, id=42768, stack(0x0000005711400000,0x0000005711500000)]
  0x0000022a408c2e50 JavaThread "JdkHttpClient-1-2" daemon [_thread_blocked, id=39832, stack(0x0000005711500000,0x0000005711600000)]

Other Threads:
  0x0000022a3bbc0000 VMThread "VM Thread" [stack: 0x000000570f600000,0x000000570f700000] [id=23504]
  0x0000022a3bda3e20 WatcherThread [stack: 0x0000005710100000,0x0000005710200000] [id=40912]
  0x0000022a2260f580 GCTaskThread "GC Thread#0" [stack: 0x000000570f100000,0x000000570f200000] [id=41128]
  0x0000022a40744010 GCTaskThread "GC Thread#1" [stack: 0x0000005710400000,0x0000005710500000] [id=28348]
  0x0000022a407442d0 GCTaskThread "GC Thread#2" [stack: 0x0000005710500000,0x0000005710600000] [id=38956]
  0x0000022a4084dee0 GCTaskThread "GC Thread#3" [stack: 0x0000005710600000,0x0000005710700000] [id=37848]
  0x0000022a2261fe10 ConcurrentGCThread "G1 Main Marker" [stack: 0x000000570f200000,0x000000570f300000] [id=38724]
  0x0000022a22620fd0 ConcurrentGCThread "G1 Conc#0" [stack: 0x000000570f300000,0x000000570f400000] [id=17472]
  0x0000022a3ba1c510 ConcurrentGCThread "G1 Refine#0" [stack: 0x000000570f400000,0x000000570f500000] [id=38892]
  0x0000022a40744590 ConcurrentGCThread "G1 Refine#1" [stack: 0x0000005710700000,0x0000005710800000] [id=13808]
  0x0000022a2265d240 ConcurrentGCThread "G1 Service" [stack: 0x000000570f500000,0x000000570f600000] [id=35004]

Threads with active compile tasks:
C2 CompilerThread0     2410 1667       4       java.lang.invoke.MethodType::makeImpl (109 bytes)

VM state: not at safepoint (normal execution)

VM Mutex/Monitor currently owned by a thread: None

Heap address: 0x0000000083600000, size: 1994 MB, Compressed Oops mode: 32-bit

CDS archive(s) not mapped
Compressed class space mapped at: 0x0000000100000000-0x0000000140000000, reserved size: 1073741824
Narrow klass base: 0x0000000000000000, Narrow klass shift: 3, Narrow klass range: 0x140000000

GC Precious Log:
 CPUs: 4 total, 4 available
 Memory: 7975M
 Large Page Support: Disabled
 NUMA Support: Disabled
 Compressed Oops: Enabled (32-bit)
 Heap Region Size: 1M
 Heap Min Capacity: 8M
 Heap Initial Capacity: 126M
 Heap Max Capacity: 1994M
 Pre-touch: Disabled
 Parallel Workers: 4
 Concurrent Workers: 1
 Concurrent Refinement Workers: 4
 Periodic GC: Disabled

Heap:
 garbage-first heap   total 129024K, used 13941K [0x0000000083600000, 0x0000000100000000)
  region size 1024K, 12 young (12288K), 2 survivors (2048K)
 Metaspace       used 19902K, committed 20096K, reserved 1114112K
  class space    used 2137K, committed 2240K, reserved 1048576K

Heap Regions: E=young(eden), S=young(survivor), O=old, HS=humongous(starts), HC=humongous(continues), CS=collection set, F=free, OA=open archive, CA=closed archive, TAMS=top-at-mark-start (previous, next)
|   0|0x0000000083600000, 0x0000000083700000, 0x0000000083700000|100%| O|  |TAMS 0x0000000083600000, 0x0000000083600000| Untracked 
|   1|0x0000000083700000, 0x0000000083800000, 0x0000000083800000|100%| O|  |TAMS 0x0000000083700000, 0x0000000083700000| Untracked 
|   2|0x0000000083800000, 0x0000000083900000, 0x0000000083900000|100%| O|  |TAMS 0x0000000083800000, 0x0000000083800000| Untracked 
|   3|0x0000000083900000, 0x00000000839d6c00, 0x0000000083a00000| 83%| O|  |TAMS 0x0000000083900000, 0x0000000083900000| Untracked 
|   4|0x0000000083a00000, 0x0000000083a00000, 0x0000000083b00000|  0%| F|  |TAMS 0x0000000083a00000, 0x0000000083a00000| Untracked 
|   5|0x0000000083b00000, 0x0000000083b00000, 0x0000000083c00000|  0%| F|  |TAMS 0x0000000083b00000, 0x0000000083b00000| Untracked 
|   6|0x0000000083c00000, 0x0000000083c00000, 0x0000000083d00000|  0%| F|  |TAMS 0x0000000083c00000, 0x0000000083c00000| Untracked 
|   7|0x0000000083d00000, 0x0000000083d00000, 0x0000000083e00000|  0%| F|  |TAMS 0x0000000083d00000, 0x0000000083d00000| Untracked 
|   8|0x0000000083e00000, 0x0000000083e00000, 0x0000000083f00000|  0%| F|  |TAMS 0x0000000083e00000, 0x0000000083e00000| Untracked 
|   9|0x0000000083f00000, 0x0000000083f00000, 0x0000000084000000|  0%| F|  |TAMS 0x0000000083f00000, 0x0000000083f00000| Untracked 
|  10|0x0000000084000000, 0x0000000084000000, 0x0000000084100000|  0%| F|  |TAMS 0x0000000084000000, 0x0000000084000000| Untracked 
|  11|0x0000000084100000, 0x0000000084100000, 0x0000000084200000|  0%| F|  |TAMS 0x0000000084100000, 0x0000000084100000| Untracked 
|  12|0x0000000084200000, 0x0000000084200000, 0x0000000084300000|  0%| F|  |TAMS 0x0000000084200000, 0x0000000084200000| Untracked 
|  13|0x0000000084300000, 0x0000000084300000, 0x0000000084400000|  0%| F|  |TAMS 0x0000000084300000, 0x0000000084300000| Untracked 
|  14|0x0000000084400000, 0x0000000084400000, 0x0000000084500000|  0%| F|  |TAMS 0x0000000084400000, 0x0000000084400000| Untracked 
|  15|0x0000000084500000, 0x0000000084500000, 0x0000000084600000|  0%| F|  |TAMS 0x0000000084500000, 0x0000000084500000| Untracked 
|  16|0x0000000084600000, 0x0000000084600000, 0x0000000084700000|  0%| F|  |TAMS 0x0000000084600000, 0x0000000084600000| Untracked 
|  17|0x0000000084700000, 0x0000000084700000, 0x0000000084800000|  0%| F|  |TAMS 0x0000000084700000, 0x0000000084700000| Untracked 
|  18|0x0000000084800000, 0x0000000084800000, 0x0000000084900000|  0%| F|  |TAMS 0x0000000084800000, 0x0000000084800000| Untracked 
|  19|0x0000000084900000, 0x0000000084900000, 0x0000000084a00000|  0%| F|  |TAMS 0x0000000084900000, 0x0000000084900000| Untracked 
|  20|0x0000000084a00000, 0x0000000084a00000, 0x0000000084b00000|  0%| F|  |TAMS 0x0000000084a00000, 0x0000000084a00000| Untracked 
|  21|0x0000000084b00000, 0x0000000084b00000, 0x0000000084c00000|  0%| F|  |TAMS 0x0000000084b00000, 0x0000000084b00000| Untracked 
|  22|0x0000000084c00000, 0x0000000084c00000, 0x0000000084d00000|  0%| F|  |TAMS 0x0000000084c00000, 0x0000000084c00000| Untracked 
|  23|0x0000000084d00000, 0x0000000084d00000, 0x0000000084e00000|  0%| F|  |TAMS 0x0000000084d00000, 0x0000000084d00000| Untracked 
|  24|0x0000000084e00000, 0x0000000084e00000, 0x0000000084f00000|  0%| F|  |TAMS 0x0000000084e00000, 0x0000000084e00000| Untracked 
|  25|0x0000000084f00000, 0x0000000084f00000, 0x0000000085000000|  0%| F|  |TAMS 0x0000000084f00000, 0x0000000084f00000| Untracked 
|  26|0x0000000085000000, 0x0000000085000000, 0x0000000085100000|  0%| F|  |TAMS 0x0000000085000000, 0x0000000085000000| Untracked 
|  27|0x0000000085100000, 0x0000000085100000, 0x0000000085200000|  0%| F|  |TAMS 0x0000000085100000, 0x0000000085100000| Untracked 
|  28|0x0000000085200000, 0x0000000085200000, 0x0000000085300000|  0%| F|  |TAMS 0x0000000085200000, 0x0000000085200000| Untracked 
|  29|0x0000000085300000, 0x0000000085300000, 0x0000000085400000|  0%| F|  |TAMS 0x0000000085300000, 0x0000000085300000| Untracked 
|  30|0x0000000085400000, 0x0000000085400000, 0x0000000085500000|  0%| F|  |TAMS 0x0000000085400000, 0x0000000085400000| Untracked 
|  31|0x0000000085500000, 0x0000000085500000, 0x0000000085600000|  0%| F|  |TAMS 0x0000000085500000, 0x0000000085500000| Untracked 
|  32|0x0000000085600000, 0x0000000085600000, 0x0000000085700000|  0%| F|  |TAMS 0x0000000085600000, 0x0000000085600000| Untracked 
|  33|0x0000000085700000, 0x0000000085700000, 0x0000000085800000|  0%| F|  |TAMS 0x0000000085700000, 0x0000000085700000| Untracked 
|  34|0x0000000085800000, 0x0000000085800000, 0x0000000085900000|  0%| F|  |TAMS 0x0000000085800000, 0x0000000085800000| Untracked 
|  35|0x0000000085900000, 0x0000000085900000, 0x0000000085a00000|  0%| F|  |TAMS 0x0000000085900000, 0x0000000085900000| Untracked 
|  36|0x0000000085a00000, 0x0000000085a00000, 0x0000000085b00000|  0%| F|  |TAMS 0x0000000085a00000, 0x0000000085a00000| Untracked 
|  37|0x0000000085b00000, 0x0000000085b00000, 0x0000000085c00000|  0%| F|  |TAMS 0x0000000085b00000, 0x0000000085b00000| Untracked 
|  38|0x0000000085c00000, 0x0000000085c00000, 0x0000000085d00000|  0%| F|  |TAMS 0x0000000085c00000, 0x0000000085c00000| Untracked 
|  39|0x0000000085d00000, 0x0000000085d00000, 0x0000000085e00000|  0%| F|  |TAMS 0x0000000085d00000, 0x0000000085d00000| Untracked 
|  40|0x0000000085e00000, 0x0000000085e00000, 0x0000000085f00000|  0%| F|  |TAMS 0x0000000085e00000, 0x0000000085e00000| Untracked 
|  41|0x0000000085f00000, 0x0000000085f00000, 0x0000000086000000|  0%| F|  |TAMS 0x0000000085f00000, 0x0000000085f00000| Untracked 
|  42|0x0000000086000000, 0x0000000086000000, 0x0000000086100000|  0%| F|  |TAMS 0x0000000086000000, 0x0000000086000000| Untracked 
|  43|0x0000000086100000, 0x0000000086100000, 0x0000000086200000|  0%| F|  |TAMS 0x0000000086100000, 0x0000000086100000| Untracked 
|  44|0x0000000086200000, 0x0000000086200000, 0x0000000086300000|  0%| F|  |TAMS 0x0000000086200000, 0x0000000086200000| Untracked 
|  45|0x0000000086300000, 0x0000000086300000, 0x0000000086400000|  0%| F|  |TAMS 0x0000000086300000, 0x0000000086300000| Untracked 
|  46|0x0000000086400000, 0x0000000086400000, 0x0000000086500000|  0%| F|  |TAMS 0x0000000086400000, 0x0000000086400000| Untracked 
|  47|0x0000000086500000, 0x0000000086500000, 0x0000000086600000|  0%| F|  |TAMS 0x0000000086500000, 0x0000000086500000| Untracked 
|  48|0x0000000086600000, 0x0000000086600000, 0x0000000086700000|  0%| F|  |TAMS 0x0000000086600000, 0x0000000086600000| Untracked 
|  49|0x0000000086700000, 0x0000000086700000, 0x0000000086800000|  0%| F|  |TAMS 0x0000000086700000, 0x0000000086700000| Untracked 
|  50|0x0000000086800000, 0x0000000086800000, 0x0000000086900000|  0%| F|  |TAMS 0x0000000086800000, 0x0000000086800000| Untracked 
|  51|0x0000000086900000, 0x0000000086900000, 0x0000000086a00000|  0%| F|  |TAMS 0x0000000086900000, 0x0000000086900000| Untracked 
|  52|0x0000000086a00000, 0x0000000086a00000, 0x0000000086b00000|  0%| F|  |TAMS 0x0000000086a00000, 0x0000000086a00000| Untracked 
|  53|0x0000000086b00000, 0x0000000086b00000, 0x0000000086c00000|  0%| F|  |TAMS 0x0000000086b00000, 0x0000000086b00000| Untracked 
|  54|0x0000000086c00000, 0x0000000086c00000, 0x0000000086d00000|  0%| F|  |TAMS 0x0000000086c00000, 0x0000000086c00000| Untracked 
|  55|0x0000000086d00000, 0x0000000086d00000, 0x0000000086e00000|  0%| F|  |TAMS 0x0000000086d00000, 0x0000000086d00000| Untracked 
|  56|0x0000000086e00000, 0x0000000086e00000, 0x0000000086f00000|  0%| F|  |TAMS 0x0000000086e00000, 0x0000000086e00000| Untracked 
|  57|0x0000000086f00000, 0x0000000086f00000, 0x0000000087000000|  0%| F|  |TAMS 0x0000000086f00000, 0x0000000086f00000| Untracked 
|  58|0x0000000087000000, 0x0000000087000000, 0x0000000087100000|  0%| F|  |TAMS 0x0000000087000000, 0x0000000087000000| Untracked 
|  59|0x0000000087100000, 0x0000000087100000, 0x0000000087200000|  0%| F|  |TAMS 0x0000000087100000, 0x0000000087100000| Untracked 
|  60|0x0000000087200000, 0x0000000087200000, 0x0000000087300000|  0%| F|  |TAMS 0x0000000087200000, 0x0000000087200000| Untracked 
|  61|0x0000000087300000, 0x0000000087300000, 0x0000000087400000|  0%| F|  |TAMS 0x0000000087300000, 0x0000000087300000| Untracked 
|  62|0x0000000087400000, 0x0000000087400000, 0x0000000087500000|  0%| F|  |TAMS 0x0000000087400000, 0x0000000087400000| Untracked 
|  63|0x0000000087500000, 0x0000000087500000, 0x0000000087600000|  0%| F|  |TAMS 0x0000000087500000, 0x0000000087500000| Untracked 
|  64|0x0000000087600000, 0x0000000087600000, 0x0000000087700000|  0%| F|  |TAMS 0x0000000087600000, 0x0000000087600000| Untracked 
|  65|0x0000000087700000, 0x0000000087700000, 0x0000000087800000|  0%| F|  |TAMS 0x0000000087700000, 0x0000000087700000| Untracked 
|  66|0x0000000087800000, 0x0000000087800000, 0x0000000087900000|  0%| F|  |TAMS 0x0000000087800000, 0x0000000087800000| Untracked 
|  67|0x0000000087900000, 0x0000000087900000, 0x0000000087a00000|  0%| F|  |TAMS 0x0000000087900000, 0x0000000087900000| Untracked 
|  68|0x0000000087a00000, 0x0000000087a00000, 0x0000000087b00000|  0%| F|  |TAMS 0x0000000087a00000, 0x0000000087a00000| Untracked 
|  69|0x0000000087b00000, 0x0000000087b00000, 0x0000000087c00000|  0%| F|  |TAMS 0x0000000087b00000, 0x0000000087b00000| Untracked 
|  70|0x0000000087c00000, 0x0000000087c00000, 0x0000000087d00000|  0%| F|  |TAMS 0x0000000087c00000, 0x0000000087c00000| Untracked 
|  71|0x0000000087d00000, 0x0000000087d00000, 0x0000000087e00000|  0%| F|  |TAMS 0x0000000087d00000, 0x0000000087d00000| Untracked 
|  72|0x0000000087e00000, 0x0000000087e00000, 0x0000000087f00000|  0%| F|  |TAMS 0x0000000087e00000, 0x0000000087e00000| Untracked 
|  73|0x0000000087f00000, 0x0000000087f00000, 0x0000000088000000|  0%| F|  |TAMS 0x0000000087f00000, 0x0000000087f00000| Untracked 
|  74|0x0000000088000000, 0x0000000088000000, 0x0000000088100000|  0%| F|  |TAMS 0x0000000088000000, 0x0000000088000000| Untracked 
|  75|0x0000000088100000, 0x0000000088100000, 0x0000000088200000|  0%| F|  |TAMS 0x0000000088100000, 0x0000000088100000| Untracked 
|  76|0x0000000088200000, 0x0000000088200000, 0x0000000088300000|  0%| F|  |TAMS 0x0000000088200000, 0x0000000088200000| Untracked 
|  77|0x0000000088300000, 0x0000000088300000, 0x0000000088400000|  0%| F|  |TAMS 0x0000000088300000, 0x0000000088300000| Untracked 
|  78|0x0000000088400000, 0x0000000088400000, 0x0000000088500000|  0%| F|  |TAMS 0x0000000088400000, 0x0000000088400000| Untracked 
|  79|0x0000000088500000, 0x0000000088500000, 0x0000000088600000|  0%| F|  |TAMS 0x0000000088500000, 0x0000000088500000| Untracked 
|  80|0x0000000088600000, 0x0000000088600000, 0x0000000088700000|  0%| F|  |TAMS 0x0000000088600000, 0x0000000088600000| Untracked 
|  81|0x0000000088700000, 0x0000000088700000, 0x0000000088800000|  0%| F|  |TAMS 0x0000000088700000, 0x0000000088700000| Untracked 
|  82|0x0000000088800000, 0x0000000088800000, 0x0000000088900000|  0%| F|  |TAMS 0x0000000088800000, 0x0000000088800000| Untracked 
|  83|0x0000000088900000, 0x0000000088900000, 0x0000000088a00000|  0%| F|  |TAMS 0x0000000088900000, 0x0000000088900000| Untracked 
|  84|0x0000000088a00000, 0x0000000088a00000, 0x0000000088b00000|  0%| F|  |TAMS 0x0000000088a00000, 0x0000000088a00000| Untracked 
|  85|0x0000000088b00000, 0x0000000088b00000, 0x0000000088c00000|  0%| F|  |TAMS 0x0000000088b00000, 0x0000000088b00000| Untracked 
|  86|0x0000000088c00000, 0x0000000088c00000, 0x0000000088d00000|  0%| F|  |TAMS 0x0000000088c00000, 0x0000000088c00000| Untracked 
|  87|0x0000000088d00000, 0x0000000088d00000, 0x0000000088e00000|  0%| F|  |TAMS 0x0000000088d00000, 0x0000000088d00000| Untracked 
|  88|0x0000000088e00000, 0x0000000088e00000, 0x0000000088f00000|  0%| F|  |TAMS 0x0000000088e00000, 0x0000000088e00000| Untracked 
|  89|0x0000000088f00000, 0x0000000088f00000, 0x0000000089000000|  0%| F|  |TAMS 0x0000000088f00000, 0x0000000088f00000| Untracked 
|  90|0x0000000089000000, 0x0000000089000000, 0x0000000089100000|  0%| F|  |TAMS 0x0000000089000000, 0x0000000089000000| Untracked 
|  91|0x0000000089100000, 0x0000000089100000, 0x0000000089200000|  0%| F|  |TAMS 0x0000000089100000, 0x0000000089100000| Untracked 
|  92|0x0000000089200000, 0x0000000089200000, 0x0000000089300000|  0%| F|  |TAMS 0x0000000089200000, 0x0000000089200000| Untracked 
|  93|0x0000000089300000, 0x0000000089300000, 0x0000000089400000|  0%| F|  |TAMS 0x0000000089300000, 0x0000000089300000| Untracked 
|  94|0x0000000089400000, 0x0000000089400000, 0x0000000089500000|  0%| F|  |TAMS 0x0000000089400000, 0x0000000089400000| Untracked 
|  95|0x0000000089500000, 0x0000000089500000, 0x0000000089600000|  0%| F|  |TAMS 0x0000000089500000, 0x0000000089500000| Untracked 
|  96|0x0000000089600000, 0x0000000089600000, 0x0000000089700000|  0%| F|  |TAMS 0x0000000089600000, 0x0000000089600000| Untracked 
|  97|0x0000000089700000, 0x0000000089700000, 0x0000000089800000|  0%| F|  |TAMS 0x0000000089700000, 0x0000000089700000| Untracked 
|  98|0x0000000089800000, 0x0000000089800000, 0x0000000089900000|  0%| F|  |TAMS 0x0000000089800000, 0x0000000089800000| Untracked 
|  99|0x0000000089900000, 0x0000000089900000, 0x0000000089a00000|  0%| F|  |TAMS 0x0000000089900000, 0x0000000089900000| Untracked 
| 100|0x0000000089a00000, 0x0000000089a00000, 0x0000000089b00000|  0%| F|  |TAMS 0x0000000089a00000, 0x0000000089a00000| Untracked 
| 101|0x0000000089b00000, 0x0000000089b00000, 0x0000000089c00000|  0%| F|  |TAMS 0x0000000089b00000, 0x0000000089b00000| Untracked 
| 102|0x0000000089c00000, 0x0000000089c00000, 0x0000000089d00000|  0%| F|  |TAMS 0x0000000089c00000, 0x0000000089c00000| Untracked 
| 103|0x0000000089d00000, 0x0000000089d00000, 0x0000000089e00000|  0%| F|  |TAMS 0x0000000089d00000, 0x0000000089d00000| Untracked 
| 104|0x0000000089e00000, 0x0000000089e00000, 0x0000000089f00000|  0%| F|  |TAMS 0x0000000089e00000, 0x0000000089e00000| Untracked 
| 105|0x0000000089f00000, 0x0000000089f00000, 0x000000008a000000|  0%| F|  |TAMS 0x0000000089f00000, 0x0000000089f00000| Untracked 
| 106|0x000000008a000000, 0x000000008a000000, 0x000000008a100000|  0%| F|  |TAMS 0x000000008a000000, 0x000000008a000000| Untracked 
| 107|0x000000008a100000, 0x000000008a100000, 0x000000008a200000|  0%| F|  |TAMS 0x000000008a100000, 0x000000008a100000| Untracked 
| 108|0x000000008a200000, 0x000000008a200000, 0x000000008a300000|  0%| F|  |TAMS 0x000000008a200000, 0x000000008a200000| Untracked 
| 109|0x000000008a300000, 0x000000008a300000, 0x000000008a400000|  0%| F|  |TAMS 0x000000008a300000, 0x000000008a300000| Untracked 
| 110|0x000000008a400000, 0x000000008a4c6b68, 0x000000008a500000| 77%| S|CS|TAMS 0x000000008a400000, 0x000000008a400000| Complete 
| 111|0x000000008a500000, 0x000000008a500000, 0x000000008a600000|  0%| F|  |TAMS 0x000000008a500000, 0x000000008a500000| Untracked 
| 112|0x000000008a600000, 0x000000008a600000, 0x000000008a700000|  0%| F|  |TAMS 0x000000008a600000, 0x000000008a600000| Untracked 
| 113|0x000000008a700000, 0x000000008a800000, 0x000000008a800000|100%| S|CS|TAMS 0x000000008a700000, 0x000000008a700000| Complete 
| 114|0x000000008a800000, 0x000000008a800000, 0x000000008a900000|  0%| F|  |TAMS 0x000000008a800000, 0x000000008a800000| Untracked 
| 115|0x000000008a900000, 0x000000008a900000, 0x000000008aa00000|  0%| F|  |TAMS 0x000000008a900000, 0x000000008a900000| Untracked 
| 116|0x000000008aa00000, 0x000000008ab00000, 0x000000008ab00000|100%| E|  |TAMS 0x000000008aa00000, 0x000000008aa00000| Complete 
| 117|0x000000008ab00000, 0x000000008ac00000, 0x000000008ac00000|100%| E|CS|TAMS 0x000000008ab00000, 0x000000008ab00000| Complete 
| 118|0x000000008ac00000, 0x000000008ad00000, 0x000000008ad00000|100%| E|CS|TAMS 0x000000008ac00000, 0x000000008ac00000| Complete 
| 119|0x000000008ad00000, 0x000000008ae00000, 0x000000008ae00000|100%| E|CS|TAMS 0x000000008ad00000, 0x000000008ad00000| Complete 
| 120|0x000000008ae00000, 0x000000008af00000, 0x000000008af00000|100%| E|CS|TAMS 0x000000008ae00000, 0x000000008ae00000| Complete 
| 121|0x000000008af00000, 0x000000008b000000, 0x000000008b000000|100%| E|CS|TAMS 0x000000008af00000, 0x000000008af00000| Complete 
| 122|0x000000008b000000, 0x000000008b100000, 0x000000008b100000|100%| E|CS|TAMS 0x000000008b000000, 0x000000008b000000| Complete 
| 123|0x000000008b100000, 0x000000008b200000, 0x000000008b200000|100%| E|  |TAMS 0x000000008b100000, 0x000000008b100000| Complete 
| 124|0x000000008b200000, 0x000000008b300000, 0x000000008b300000|100%| E|CS|TAMS 0x000000008b200000, 0x000000008b200000| Complete 
| 125|0x000000008b300000, 0x000000008b400000, 0x000000008b400000|100%| E|CS|TAMS 0x000000008b300000, 0x000000008b300000| Complete 

Card table byte_map: [0x0000022a35060000,0x0000022a35450000] _byte_map_base: 0x0000022a34c45000

Marking Bits (Prev, Next): (CMBitMap*) 0x0000022a2260fba0, (CMBitMap*) 0x0000022a2260fbe0
 Prev Bits: [0x0000022a35840000, 0x0000022a37768000)
 Next Bits: [0x0000022a37770000, 0x0000022a39698000)

Polling page: 0x0000022a204c0000

Metaspace:

Usage:
  Non-class:     17.35 MB used.
      Class:      2.09 MB used.
       Both:     19.44 MB used.

Virtual space:
  Non-class space:       64.00 MB reserved,      17.44 MB ( 27%) committed,  1 nodes.
      Class space:        1.00 GB reserved,       2.19 MB ( <1%) committed,  1 nodes.
             Both:        1.06 GB reserved,      19.62 MB (  2%) committed. 

Chunk freelists:
   Non-Class:  13.75 MB
       Class:  13.83 MB
        Both:  27.58 MB

MaxMetaspaceSize: unlimited
CompressedClassSpaceSize: 1.00 GB
Initial GC threshold: 21.00 MB
Current GC threshold: 21.00 MB
CDS: off
MetaspaceReclaimPolicy: balanced
 - commit_granule_bytes: 65536.
 - commit_granule_words: 8192.
 - virtual_space_node_default_size: 8388608.
 - enlarge_chunks_in_place: 1.
 - new_chunks_are_fully_committed: 0.
 - uncommit_free_chunks: 1.
 - use_allocation_guard: 0.
 - handle_deallocations: 1.


Internal statistics:

num_allocs_failed_limit: 0.
num_arena_births: 224.
num_arena_deaths: 0.
num_vsnodes_births: 2.
num_vsnodes_deaths: 0.
num_space_committed: 314.
num_space_uncommitted: 0.
num_chunks_returned_to_freelist: 0.
num_chunks_taken_from_freelist: 497.
num_chunk_merges: 0.
num_chunk_splits: 285.
num_chunks_enlarged: 177.
num_inconsistent_stats: 0.

CodeHeap 'non-profiled nmethods': size=120000Kb used=511Kb max_used=511Kb free=119488Kb
 bounds [0x0000022a2d740000, 0x0000022a2d9b0000, 0x0000022a34c70000]
CodeHeap 'profiled nmethods': size=120000Kb used=3220Kb max_used=3220Kb free=116779Kb
 bounds [0x0000022a25c70000, 0x0000022a25fa0000, 0x0000022a2d1a0000]
CodeHeap 'non-nmethods': size=5760Kb used=1214Kb max_used=1232Kb free=4545Kb
 bounds [0x0000022a2d1a0000, 0x0000022a2d410000, 0x0000022a2d740000]
 total_blobs=2212 nmethods=1709 adapters=415
 compilation: enabled
              stopped_count=0, restarted_count=0
 full_count=0

Compilation events (20 events):
Event: 2.346 Thread 0x0000022a3bc329b0 1686   !   3       java.nio.ByteBuffer::getArray (121 bytes)
Event: 2.347 Thread 0x0000022a3bc329b0 nmethod 1686 0x0000022a25f81c90 code [0x0000022a25f81f00, 0x0000022a25f82a18]
Event: 2.347 Thread 0x0000022a3bc329b0 1687       3       jdk.internal.module.SystemModuleFinders$SystemModuleReader::read (25 bytes)
Event: 2.347 Thread 0x0000022a3bc329b0 nmethod 1687 0x0000022a25f83010 code [0x0000022a25f83240, 0x0000022a25f83a58]
Event: 2.347 Thread 0x0000022a3bc329b0 1690   !   3       jdk.internal.loader.BuiltinClassLoader::defineClass (162 bytes)
Event: 2.349 Thread 0x0000022a3bc329b0 nmethod 1690 0x0000022a25f83d90 code [0x0000022a25f84240, 0x0000022a25f86978]
Event: 2.350 Thread 0x0000022a3bc1fb90 nmethod 1650% 0x0000022a2d7bd610 code [0x0000022a2d7bd7e0, 0x0000022a2d7beb68]
Event: 2.350 Thread 0x0000022a3bc1fb90 1667       4       java.lang.invoke.MethodType::makeImpl (109 bytes)
Event: 2.351 Thread 0x0000022a3bc329b0 1691       3       jdk.internal.jimage.ImageLocation::verify (218 bytes)
Event: 2.352 Thread 0x0000022a3bc329b0 nmethod 1691 0x0000022a25f87b90 code [0x0000022a25f87e40, 0x0000022a25f88bb8]
Event: 2.353 Thread 0x0000022a3bc329b0 1692   !   3       java.util.jar.JarFile::getManifestFromReference (197 bytes)
Event: 2.354 Thread 0x0000022a3bc329b0 nmethod 1692 0x0000022a25f89110 code [0x0000022a25f894c0, 0x0000022a25f8aeb8]
Event: 2.360 Thread 0x0000022a3bc329b0 1693       3       jdk.internal.loader.BuiltinClassLoader::defineClass (121 bytes)
Event: 2.361 Thread 0x0000022a3bc329b0 nmethod 1693 0x0000022a25f8b890 code [0x0000022a25f8bb80, 0x0000022a25f8ce08]
Event: 2.367 Thread 0x0000022a3bc329b0 1694       3       java.lang.invoke.MemberName$Factory::resolveOrNull (54 bytes)
Event: 2.367 Thread 0x0000022a3bc329b0 nmethod 1694 0x0000022a25f8d390 code [0x0000022a25f8d540, 0x0000022a25f8d808]
Event: 2.371 Thread 0x0000022a3bc329b0 1695       3       java.lang.invoke.MethodHandles$Lookup::getDirectConstructorCommon (69 bytes)
Event: 2.372 Thread 0x0000022a3bc329b0 nmethod 1695 0x0000022a25f8d910 code [0x0000022a25f8db80, 0x0000022a25f8e698]
Event: 2.372 Thread 0x0000022a3bc329b0 1696       3       java.lang.invoke.MemberName::asConstructor (58 bytes)
Event: 2.372 Thread 0x0000022a3bc329b0 nmethod 1696 0x0000022a25f8ea10 code [0x0000022a25f8ec20, 0x0000022a25f8f228]

GC Heap History (4 events):
Event: 0.990 GC heap before
{Heap before GC invocations=0 (full 0):
 garbage-first heap   total 129024K, used 12288K [0x0000000083600000, 0x0000000100000000)
  region size 1024K, 13 young (13312K), 0 survivors (0K)
 Metaspace       used 13390K, committed 13632K, reserved 1114112K
  class space    used 1346K, committed 1472K, reserved 1048576K
}
Event: 0.994 GC heap after
{Heap after GC invocations=1 (full 0):
 garbage-first heap   total 129024K, used 4041K [0x0000000083600000, 0x0000000100000000)
  region size 1024K, 2 young (2048K), 2 survivors (2048K)
 Metaspace       used 13390K, committed 13632K, reserved 1114112K
  class space    used 1346K, committed 1472K, reserved 1048576K
}
Event: 1.303 GC heap before
{Heap before GC invocations=1 (full 0):
 garbage-first heap   total 129024K, used 16329K [0x0000000083600000, 0x0000000100000000)
  region size 1024K, 14 young (14336K), 2 survivors (2048K)
 Metaspace       used 17777K, committed 17984K, reserved 1114112K
  class space    used 1850K, committed 1984K, reserved 1048576K
}
Event: 1.307 GC heap after
{Heap after GC invocations=2 (full 0):
 garbage-first heap   total 129024K, used 5749K [0x0000000083600000, 0x0000000100000000)
  region size 1024K, 2 young (2048K), 2 survivors (2048K)
 Metaspace       used 17777K, committed 17984K, reserved 1114112K
  class space    used 1850K, committed 1984K, reserved 1048576K
}

Dll operation events (7 events):
Event: 0.006 Loaded shared library C:\Users\alkau\Downloads\spring-tool-suite-4-4.22.0.RELEASE-e4.31.0-win32.win32.x86_64.self-extracting\contents\sts-4.22.0.RELEASE\plugins\org.eclipse.justj.openjdk.hotspot.jre.full.win32.x86_64_17.0.10.v20240120-1143\jre\bin\java.dl
Event: 0.144 Loaded shared library C:\Users\alkau\Downloads\spring-tool-suite-4-4.22.0.RELEASE-e4.31.0-win32.win32.x86_64.self-extracting\contents\sts-4.22.0.RELEASE\plugins\org.eclipse.justj.openjdk.hotspot.jre.full.win32.x86_64_17.0.10.v20240120-1143\jre\bin\net.dll
Event: 0.146 Loaded shared library C:\Users\alkau\Downloads\spring-tool-suite-4-4.22.0.RELEASE-e4.31.0-win32.win32.x86_64.self-extracting\contents\sts-4.22.0.RELEASE\plugins\org.eclipse.justj.openjdk.hotspot.jre.full.win32.x86_64_17.0.10.v20240120-1143\jre\bin\nio.dll
Event: 0.151 Loaded shared library C:\Users\alkau\Downloads\spring-tool-suite-4-4.22.0.RELEASE-e4.31.0-win32.win32.x86_64.self-extracting\contents\sts-4.22.0.RELEASE\plugins\org.eclipse.justj.openjdk.hotspot.jre.full.win32.x86_64_17.0.10.v20240120-1143\jre\bin\zip.dll
Event: 0.231 Loaded shared library C:\Users\alkau\Downloads\spring-tool-suite-4-4.22.0.RELEASE-e4.31.0-win32.win32.x86_64.self-extracting\contents\sts-4.22.0.RELEASE\plugins\org.eclipse.justj.openjdk.hotspot.jre.full.win32.x86_64_17.0.10.v20240120-1143\jre\bin\jimage.
Event: 0.295 Loaded shared library C:\Users\alkau\Downloads\spring-tool-suite-4-4.22.0.RELEASE-e4.31.0-win32.win32.x86_64.self-extracting\contents\sts-4.22.0.RELEASE\plugins\org.eclipse.justj.openjdk.hotspot.jre.full.win32.x86_64_17.0.10.v20240120-1143\jre\bin\extnet.
Event: 1.128 Loaded shared library C:\Users\alkau\Downloads\spring-tool-suite-4-4.22.0.RELEASE-e4.31.0-win32.win32.x86_64.self-extracting\contents\sts-4.22.0.RELEASE\plugins\org.eclipse.justj.openjdk.hotspot.jre.full.win32.x86_64_17.0.10.v20240120-1143\jre\bin\sunmsca

Deoptimization events (20 events):
Event: 1.334 Thread 0x0000022a408c1f20 Uncommon trap: trap_request=0xffffffde fr.pc=0x0000022a2d7af7ac relative=0x000000000000010c
Event: 1.334 Thread 0x0000022a408c1f20 Uncommon trap: reason=class_check action=maybe_recompile pc=0x0000022a2d7af7ac method=jdk.internal.misc.Unsafe.allocateUninitializedArray(Ljava/lang/Class;I)Ljava/lang/Object; @ 51 c2
Event: 1.334 Thread 0x0000022a408c1f20 DEOPT PACKING pc=0x0000022a2d7af7ac sp=0x0000005710ffdb60
Event: 1.334 Thread 0x0000022a408c1f20 DEOPT UNPACKING pc=0x0000022a2d1fa1a3 sp=0x0000005710ffdae8 mode 2
Event: 1.334 Thread 0x0000022a408c1f20 Uncommon trap: trap_request=0xffffffde fr.pc=0x0000022a2d7af7ac relative=0x000000000000010c
Event: 1.334 Thread 0x0000022a408c1f20 Uncommon trap: reason=class_check action=maybe_recompile pc=0x0000022a2d7af7ac method=jdk.internal.misc.Unsafe.allocateUninitializedArray(Ljava/lang/Class;I)Ljava/lang/Object; @ 51 c2
Event: 1.334 Thread 0x0000022a408c1f20 DEOPT PACKING pc=0x0000022a2d7af7ac sp=0x0000005710ffd9b0
Event: 1.334 Thread 0x0000022a408c1f20 DEOPT UNPACKING pc=0x0000022a2d1fa1a3 sp=0x0000005710ffd938 mode 2
Event: 1.334 Thread 0x0000022a408c1f20 Uncommon trap: trap_request=0xffffffde fr.pc=0x0000022a2d7af7ac relative=0x000000000000010c
Event: 1.334 Thread 0x0000022a408c1f20 Uncommon trap: reason=class_check action=maybe_recompile pc=0x0000022a2d7af7ac method=jdk.internal.misc.Unsafe.allocateUninitializedArray(Ljava/lang/Class;I)Ljava/lang/Object; @ 51 c2
Event: 1.334 Thread 0x0000022a408c1f20 DEOPT PACKING pc=0x0000022a2d7af7ac sp=0x0000005710ffd9b0
Event: 1.334 Thread 0x0000022a408c1f20 DEOPT UNPACKING pc=0x0000022a2d1fa1a3 sp=0x0000005710ffd938 mode 2
Event: 1.334 Thread 0x0000022a408c1f20 Uncommon trap: trap_request=0xffffffde fr.pc=0x0000022a2d7af7ac relative=0x000000000000010c
Event: 1.334 Thread 0x0000022a408c1f20 Uncommon trap: reason=class_check action=maybe_recompile pc=0x0000022a2d7af7ac method=jdk.internal.misc.Unsafe.allocateUninitializedArray(Ljava/lang/Class;I)Ljava/lang/Object; @ 51 c2
Event: 1.334 Thread 0x0000022a408c1f20 DEOPT PACKING pc=0x0000022a2d7af7ac sp=0x0000005710ffd9b0
Event: 1.334 Thread 0x0000022a408c1f20 DEOPT UNPACKING pc=0x0000022a2d1fa1a3 sp=0x0000005710ffd938 mode 2
Event: 1.341 Thread 0x0000022a407a8f80 Uncommon trap: trap_request=0xffffff45 fr.pc=0x0000022a2d79d61c relative=0x000000000000015c
Event: 1.341 Thread 0x0000022a407a8f80 Uncommon trap: reason=unstable_if action=reinterpret pc=0x0000022a2d79d61c method=java.lang.invoke.VarHandle.checkExactAccessMode(Ljava/lang/invoke/VarHandle$AccessDescriptor;)V @ 4 c2
Event: 1.341 Thread 0x0000022a407a8f80 DEOPT PACKING pc=0x0000022a2d79d61c sp=0x00000057108ff3f0
Event: 1.341 Thread 0x0000022a407a8f80 DEOPT UNPACKING pc=0x0000022a2d1fa1a3 sp=0x00000057108ff330 mode 2

Classes unloaded (0 events):
No events

Classes redefined (0 events):
No events

Internal exceptions (20 events):
Event: 0.963 Thread 0x0000022a225b42d0 Exception <a 'java/lang/IncompatibleClassChangeError'{0x000000008a741fe8}: Found class java.lang.Object, but interface was expected> (0x000000008a741fe8) 
thrown [s\src\hotspot\share\interpreter\linkResolver.cpp, line 826]
Event: 1.061 Thread 0x0000022a225b42d0 Exception <a 'java/lang/NoSuchMethodError'{0x000000008ae76698}: 'java.lang.Object java.lang.invoke.DirectMethodHandle$Holder.invokeStaticInit(java.lang.Object, int, int, int, int)'> (0x000000008ae76698) 
thrown [s\src\hotspot\share\interpreter\linkResolver.cpp, line 759]
Event: 1.100 Thread 0x0000022a225b42d0 Exception <a 'java/lang/NoSuchMethodError'{0x000000008ad3f628}: 'java.lang.Object java.lang.invoke.DirectMethodHandle$Holder.invokeStaticInit(java.lang.Object, java.lang.Object, int, int, int, int)'> (0x000000008ad3f628) 
thrown [s\src\hotspot\share\interpreter\linkResolver.cpp, line 759]
Event: 1.184 Thread 0x0000022a225b42d0 Exception <a 'java/lang/NoSuchMethodError'{0x000000008abb5578}: 'java.lang.Object java.lang.invoke.DirectMethodHandle$Holder.invokeInterface(java.lang.Object, java.lang.Object, java.lang.Object)'> (0x000000008abb5578) 
thrown [s\src\hotspot\share\interpreter\linkResolver.cpp, line 759]
Event: 1.184 Thread 0x0000022a225b42d0 Exception <a 'java/lang/IncompatibleClassChangeError'{0x000000008abb8c40}: Found class java.lang.Object, but interface was expected> (0x000000008abb8c40) 
thrown [s\src\hotspot\share\interpreter\linkResolver.cpp, line 826]
Event: 1.185 Thread 0x0000022a225b42d0 Exception <a 'java/lang/NoSuchMethodError'{0x000000008abc0fc8}: 'int java.lang.invoke.DirectMethodHandle$Holder.invokeSpecialIFC(java.lang.Object, java.lang.Object, java.lang.Object, java.lang.Object)'> (0x000000008abc0fc8) 
thrown [s\src\hotspot\share\interpreter\linkResolver.cpp, line 759]
Event: 1.188 Thread 0x0000022a225b42d0 Exception <a 'java/lang/NoSuchMethodError'{0x000000008abe7fc8}: 'java.lang.Object java.lang.invoke.DirectMethodHandle$Holder.invokeVirtual(java.lang.Object, java.lang.Object, java.lang.Object, java.lang.Object)'> (0x000000008abe7fc8) 
thrown [s\src\hotspot\share\interpreter\linkResolver.cpp, line 759]
Event: 1.206 Thread 0x0000022a407c5520 Exception <a 'java/net/ConnectException'{0x000000008aa7dca0}: Connection refused: no further information> (0x000000008aa7dca0) 
thrown [s\src\hotspot\share\prims\jni.cpp, line 535]
Event: 1.206 Thread 0x0000022a407c5520 Exception <a 'java/net/SocketException'{0x000000008aa7dfd8}: Socket is not connected: shutdown> (0x000000008aa7dfd8) 
thrown [s\src\hotspot\share\prims\jni.cpp, line 535]
Event: 1.221 Thread 0x0000022a407c5520 Exception <a 'java/net/ConnectException'{0x000000008aa7ef50}: Connection refused: no further information> (0x000000008aa7ef50) 
thrown [s\src\hotspot\share\prims\jni.cpp, line 535]
Event: 1.221 Thread 0x0000022a407c5520 Exception <a 'java/net/SocketException'{0x000000008aa7f288}: Socket is not connected: shutdown> (0x000000008aa7f288) 
thrown [s\src\hotspot\share\prims\jni.cpp, line 535]
Event: 1.275 Thread 0x0000022a225b42d0 Exception <a 'java/lang/NoSuchMethodError'{0x000000008a94aa00}: 'java.lang.Object java.lang.invoke.DirectMethodHandle$Holder.newInvokeSpecial(java.lang.Object, java.lang.Object, int, int)'> (0x000000008a94aa00) 
thrown [s\src\hotspot\share\interpreter\linkResolver.cpp, line 759]
Event: 1.276 Thread 0x0000022a225b42d0 Exception <a 'java/lang/NoSuchMethodError'{0x000000008a9554e8}: 'void java.lang.invoke.DirectMethodHandle$Holder.invokeStatic(java.lang.Object, java.lang.Object, int)'> (0x000000008a9554e8) 
thrown [s\src\hotspot\share\interpreter\linkResolver.cpp, line 759]
Event: 1.284 Thread 0x0000022a225b42d0 Exception <a 'java/lang/NoSuchMethodError'{0x000000008a9d4868}: 'java.lang.Object java.lang.invoke.DirectMethodHandle$Holder.newInvokeSpecial(java.lang.Object, java.lang.Object, java.lang.Object, java.lang.Object, java.lang.Object)'> (0x000000008a9d4868) 
thrown [s\src\hotspot\share\interpreter\linkResolver.cpp, line 759]
Event: 1.320 Thread 0x0000022a408c1f20 Exception <a 'java/lang/NoSuchMethodError'{0x000000008b27e978}: 'java.lang.Object java.lang.invoke.DirectMethodHandle$Holder.invokeSpecial(java.lang.Object, java.lang.Object, java.lang.Object, java.lang.Object, int)'> (0x000000008b27e978) 
thrown [s\src\hotspot\share\interpreter\linkResolver.cpp, line 759]
Event: 1.320 Thread 0x0000022a408c1f20 Exception <a 'java/lang/NoSuchMethodError'{0x000000008b282540}: 'java.lang.Object java.lang.invoke.Invokers$Holder.linkToTargetMethod(java.lang.Object, java.lang.Object, int, java.lang.Object)'> (0x000000008b282540) 
thrown [s\src\hotspot\share\interpreter\linkResolver.cpp, line 759]
Event: 1.327 Thread 0x0000022a408c1f20 Exception <a 'java/lang/NoSuchMethodError'{0x000000008b124120}: 'void java.lang.invoke.DirectMethodHandle$Holder.invokeSpecial(java.lang.Object, java.lang.Object, java.lang.Object)'> (0x000000008b124120) 
thrown [s\src\hotspot\share\interpreter\linkResolver.cpp, line 759]
Event: 1.334 Thread 0x0000022a408c1f20 Exception <a 'java/lang/NoSuchMethodError'{0x000000008b1cf888}: 'void java.lang.invoke.DirectMethodHandle$Holder.invokeSpecial(java.lang.Object, java.lang.Object, java.lang.Object, java.lang.Object, java.lang.Object)'> (0x000000008b1cf888) 
thrown [s\src\hotspot\share\interpreter\linkResolver.cpp, line 759]
Event: 2.227 Thread 0x0000022a408c1f20 Exception <a 'java/lang/NoSuchMethodError'{0x000000008af731d8}: 'void java.lang.invoke.DirectMethodHandle$Holder.invokeSpecial(java.lang.Object, java.lang.Object, java.lang.Object, java.lang.Object, java.lang.Object, java.lang.Object, java.lang.Object)'> (0x000000008af731d8) 
thrown [s\src\hotspot\share\interpreter\linkResolver.cpp, line 759]
Event: 2.240 Thread 0x0000022a225b42d0 Exception <a 'java/lang/NoSuchMethodError'{0x000000008b3882e8}: 'java.lang.Object java.lang.invoke.DirectMethodHandle$Holder.invokeSpecialIFC(java.lang.Object, java.lang.Object, java.lang.Object)'> (0x000000008b3882e8) 
thrown [s\src\hotspot\share\interpreter\linkResolver.cpp, line 759]

VM Operations (20 events):
Event: 0.356 Executing VM operation: HandshakeAllThreads
Event: 0.356 Executing VM operation: HandshakeAllThreads done
Event: 0.360 Executing VM operation: HandshakeAllThreads
Event: 0.360 Executing VM operation: HandshakeAllThreads done
Event: 0.879 Executing VM operation: HandshakeAllThreads
Event: 0.880 Executing VM operation: HandshakeAllThreads done
Event: 0.923 Executing VM operation: HandshakeAllThreads
Event: 0.923 Executing VM operation: HandshakeAllThreads done
Event: 0.990 Executing VM operation: G1CollectForAllocation
Event: 0.995 Executing VM operation: G1CollectForAllocation done
Event: 1.107 Executing VM operation: HandshakeAllThreads
Event: 1.108 Executing VM operation: HandshakeAllThreads done
Event: 1.255 Executing VM operation: HandshakeAllThreads
Event: 1.255 Executing VM operation: HandshakeAllThreads done
Event: 1.257 Executing VM operation: HandshakeAllThreads
Event: 1.257 Executing VM operation: HandshakeAllThreads done
Event: 1.303 Executing VM operation: G1CollectForAllocation
Event: 1.307 Executing VM operation: G1CollectForAllocation done
Event: 2.210 Executing VM operation: HandshakeAllThreads
Event: 2.210 Executing VM operation: HandshakeAllThreads done

Events (20 events):
Event: 2.297 Thread 0x0000022a408c3870 Thread added: 0x0000022a408c3870
Event: 2.298 Thread 0x0000022a408c00c0 Thread added: 0x0000022a408c00c0
Event: 2.300 Thread 0x0000022a408c2940 Thread added: 0x0000022a408c2940
Event: 2.314 loading class java/util/concurrent/locks/ReadWriteLock
Event: 2.314 loading class java/util/concurrent/locks/ReadWriteLock done
Event: 2.316 loading class java/util/concurrent/locks/ReentrantReadWriteLock
Event: 2.317 loading class java/util/concurrent/locks/ReentrantReadWriteLock done
Event: 2.317 loading class java/util/concurrent/locks/ReentrantReadWriteLock$FairSync
Event: 2.317 loading class java/util/concurrent/locks/ReentrantReadWriteLock$Sync
Event: 2.317 loading class java/util/concurrent/locks/ReentrantReadWriteLock$Sync done
Event: 2.317 loading class java/util/concurrent/locks/ReentrantReadWriteLock$FairSync done
Event: 2.317 loading class java/util/concurrent/locks/ReentrantReadWriteLock$Sync$ThreadLocalHoldCounter
Event: 2.317 loading class java/util/concurrent/locks/ReentrantReadWriteLock$Sync$ThreadLocalHoldCounter done
Event: 2.317 loading class java/util/concurrent/locks/ReentrantReadWriteLock$ReadLock
Event: 2.317 loading class java/util/concurrent/locks/ReentrantReadWriteLock$ReadLock done
Event: 2.317 loading class java/util/concurrent/locks/ReentrantReadWriteLock$WriteLock
Event: 2.317 loading class java/util/concurrent/locks/ReentrantReadWriteLock$WriteLock done
Event: 2.330 Thread 0x0000022a408c2e50 Thread added: 0x0000022a408c2e50
Event: 2.331 loading class sun/net/www/HeaderParser
Event: 2.331 loading class sun/net/www/HeaderParser done


Dynamic libraries:
0x00007ff75c130000 - 0x00007ff75c13e000 	C:\Users\alkau\Downloads\spring-tool-suite-4-4.22.0.RELEASE-e4.31.0-win32.win32.x86_64.self-extracting\contents\sts-4.22.0.RELEASE\plugins\org.eclipse.justj.openjdk.hotspot.jre.full.win32.x86_64_17.0.10.v20240120-1143\jre\bin\javaw.exe
0x00007ffb731d0000 - 0x00007ffb733e6000 	C:\WINDOWS\SYSTEM32\ntdll.dll
0x00007ffb72550000 - 0x00007ffb72614000 	C:\WINDOWS\System32\KERNEL32.DLL
0x00007ffb704f0000 - 0x00007ffb70897000 	C:\WINDOWS\System32\KERNELBASE.dll
0x00007ffb70d10000 - 0x00007ffb70e21000 	C:\WINDOWS\System32\ucrtbase.dll
0x00007ffb51240000 - 0x00007ffb51257000 	C:\Users\alkau\Downloads\spring-tool-suite-4-4.22.0.RELEASE-e4.31.0-win32.win32.x86_64.self-extracting\contents\sts-4.22.0.RELEASE\plugins\org.eclipse.justj.openjdk.hotspot.jre.full.win32.x86_64_17.0.10.v20240120-1143\jre\bin\jli.dll
0x00007ffb729e0000 - 0x00007ffb72b8e000 	C:\WINDOWS\System32\USER32.dll
0x00007ffb70c70000 - 0x00007ffb70c96000 	C:\WINDOWS\System32\win32u.dll
0x00007ffb722b0000 - 0x00007ffb722d9000 	C:\WINDOWS\System32\GDI32.dll
0x00007ffb708a0000 - 0x00007ffb709b9000 	C:\WINDOWS\System32\gdi32full.dll
0x00007ffb70e30000 - 0x00007ffb70eca000 	C:\WINDOWS\System32\msvcp_win.dll
0x00007ffb51220000 - 0x00007ffb5123b000 	C:\Users\alkau\Downloads\spring-tool-suite-4-4.22.0.RELEASE-e4.31.0-win32.win32.x86_64.self-extracting\contents\sts-4.22.0.RELEASE\plugins\org.eclipse.justj.openjdk.hotspot.jre.full.win32.x86_64_17.0.10.v20240120-1143\jre\bin\VCRUNTIME140.dll
0x00007ffb587b0000 - 0x00007ffb58a43000 	C:\WINDOWS\WinSxS\amd64_microsoft.windows.common-controls_6595b64144ccf1df_6.0.22621.3235_none_270f74e173860f98\COMCTL32.dll
0x00007ffb71030000 - 0x00007ffb710d7000 	C:\WINDOWS\System32\msvcrt.dll
0x00007ffb71960000 - 0x00007ffb71991000 	C:\WINDOWS\System32\IMM32.DLL
0x00007ffb60ea0000 - 0x00007ffb60eac000 	C:\Users\alkau\Downloads\spring-tool-suite-4-4.22.0.RELEASE-e4.31.0-win32.win32.x86_64.self-extracting\contents\sts-4.22.0.RELEASE\plugins\org.eclipse.justj.openjdk.hotspot.jre.full.win32.x86_64_17.0.10.v20240120-1143\jre\bin\vcruntime140_1.dll
0x00007ffb16710000 - 0x00007ffb1679d000 	C:\Users\alkau\Downloads\spring-tool-suite-4-4.22.0.RELEASE-e4.31.0-win32.win32.x86_64.self-extracting\contents\sts-4.22.0.RELEASE\plugins\org.eclipse.justj.openjdk.hotspot.jre.full.win32.x86_64_17.0.10.v20240120-1143\jre\bin\msvcp140.dll
0x00007ffb0cb60000 - 0x00007ffb0d7c2000 	C:\Users\alkau\Downloads\spring-tool-suite-4-4.22.0.RELEASE-e4.31.0-win32.win32.x86_64.self-extracting\contents\sts-4.22.0.RELEASE\plugins\org.eclipse.justj.openjdk.hotspot.jre.full.win32.x86_64_17.0.10.v20240120-1143\jre\bin\server\jvm.dll
0x00007ffb71740000 - 0x00007ffb717f2000 	C:\WINDOWS\System32\ADVAPI32.dll
0x00007ffb719a0000 - 0x00007ffb71a48000 	C:\WINDOWS\System32\sechost.dll
0x00007ffb70ed0000 - 0x00007ffb70ef8000 	C:\WINDOWS\System32\bcrypt.dll
0x00007ffb70f10000 - 0x00007ffb71025000 	C:\WINDOWS\System32\RPCRT4.dll
0x00007ffb6fe60000 - 0x00007ffb6fead000 	C:\WINDOWS\SYSTEM32\POWRPROF.dll
0x00007ffb67930000 - 0x00007ffb67939000 	C:\WINDOWS\SYSTEM32\WSOCK32.dll
0x00007ffb71800000 - 0x00007ffb71871000 	C:\WINDOWS\System32\WS2_32.dll
0x00007ffb60710000 - 0x00007ffb6071a000 	C:\WINDOWS\SYSTEM32\VERSION.dll
0x00007ffb6c740000 - 0x00007ffb6c774000 	C:\WINDOWS\SYSTEM32\WINMM.dll
0x00007ffb6fd50000 - 0x00007ffb6fd63000 	C:\WINDOWS\SYSTEM32\UMPDC.dll
0x00007ffb6f530000 - 0x00007ffb6f548000 	C:\WINDOWS\SYSTEM32\kernel.appcore.dll
0x00007ffb54480000 - 0x00007ffb5448a000 	C:\Users\alkau\Downloads\spring-tool-suite-4-4.22.0.RELEASE-e4.31.0-win32.win32.x86_64.self-extracting\contents\sts-4.22.0.RELEASE\plugins\org.eclipse.justj.openjdk.hotspot.jre.full.win32.x86_64_17.0.10.v20240120-1143\jre\bin\jimage.dll
0x00007ffb6dd60000 - 0x00007ffb6df93000 	C:\WINDOWS\SYSTEM32\DBGHELP.DLL
0x00007ffb72c40000 - 0x00007ffb72fc8000 	C:\WINDOWS\System32\combase.dll
0x00007ffb71880000 - 0x00007ffb71957000 	C:\WINDOWS\System32\OLEAUT32.dll
0x00007ffb6c6c0000 - 0x00007ffb6c6f2000 	C:\WINDOWS\SYSTEM32\dbgcore.DLL
0x00007ffb70a80000 - 0x00007ffb70af9000 	C:\WINDOWS\System32\bcryptPrimitives.dll
0x00007ffb0dc90000 - 0x00007ffb0dcb5000 	C:\Users\alkau\Downloads\spring-tool-suite-4-4.22.0.RELEASE-e4.31.0-win32.win32.x86_64.self-extracting\contents\sts-4.22.0.RELEASE\plugins\org.eclipse.justj.openjdk.hotspot.jre.full.win32.x86_64_17.0.10.v20240120-1143\jre\bin\java.dll
0x00007ffb24dd0000 - 0x00007ffb24de8000 	C:\Users\alkau\Downloads\spring-tool-suite-4-4.22.0.RELEASE-e4.31.0-win32.win32.x86_64.self-extracting\contents\sts-4.22.0.RELEASE\plugins\org.eclipse.justj.openjdk.hotspot.jre.full.win32.x86_64_17.0.10.v20240120-1143\jre\bin\zip.dll
0x00007ffb71a50000 - 0x00007ffb722ac000 	C:\WINDOWS\System32\SHELL32.dll
0x00007ffb6e450000 - 0x00007ffb6ed49000 	C:\WINDOWS\SYSTEM32\windows.storage.dll
0x00007ffb6e310000 - 0x00007ffb6e44e000 	C:\WINDOWS\SYSTEM32\wintypes.dll
0x00007ffb72870000 - 0x00007ffb72963000 	C:\WINDOWS\System32\SHCORE.dll
0x00007ffb72620000 - 0x00007ffb7267e000 	C:\WINDOWS\System32\shlwapi.dll
0x00007ffb70420000 - 0x00007ffb70441000 	C:\WINDOWS\SYSTEM32\profapi.dll
0x00007ffb24b00000 - 0x00007ffb24b19000 	C:\Users\alkau\Downloads\spring-tool-suite-4-4.22.0.RELEASE-e4.31.0-win32.win32.x86_64.self-extracting\contents\sts-4.22.0.RELEASE\plugins\org.eclipse.justj.openjdk.hotspot.jre.full.win32.x86_64_17.0.10.v20240120-1143\jre\bin\net.dll
0x00007ffb69d70000 - 0x00007ffb69ea6000 	C:\WINDOWS\SYSTEM32\WINHTTP.dll
0x00007ffb6f9a0000 - 0x00007ffb6fa09000 	C:\WINDOWS\system32\mswsock.dll
0x00007ffb225b0000 - 0x00007ffb225c6000 	C:\Users\alkau\Downloads\spring-tool-suite-4-4.22.0.RELEASE-e4.31.0-win32.win32.x86_64.self-extracting\contents\sts-4.22.0.RELEASE\plugins\org.eclipse.justj.openjdk.hotspot.jre.full.win32.x86_64_17.0.10.v20240120-1143\jre\bin\nio.dll
0x00007ffb5d0f0000 - 0x00007ffb5d0f9000 	C:\Users\alkau\Downloads\spring-tool-suite-4-4.22.0.RELEASE-e4.31.0-win32.win32.x86_64.self-extracting\contents\sts-4.22.0.RELEASE\plugins\org.eclipse.justj.openjdk.hotspot.jre.full.win32.x86_64_17.0.10.v20240120-1143\jre\bin\extnet.dll
0x00007ffb6f020000 - 0x00007ffb6f119000 	C:\WINDOWS\SYSTEM32\DNSAPI.dll
0x00007ffb6eff0000 - 0x00007ffb6f01d000 	C:\WINDOWS\SYSTEM32\IPHLPAPI.DLL
0x00007ffb724b0000 - 0x00007ffb724b9000 	C:\WINDOWS\System32\NSI.dll
0x00007ffb66840000 - 0x00007ffb6684a000 	C:\Windows\System32\rasadhlp.dll
0x00007ffb66d60000 - 0x00007ffb66de3000 	C:\WINDOWS\System32\fwpuclnt.dll
0x00007ffb6fc00000 - 0x00007ffb6fc1b000 	C:\WINDOWS\SYSTEM32\CRYPTSP.dll
0x00007ffb6f490000 - 0x00007ffb6f4c5000 	C:\WINDOWS\system32\rsaenh.dll
0x00007ffb6faa0000 - 0x00007ffb6fac8000 	C:\WINDOWS\SYSTEM32\USERENV.dll
0x00007ffb6fc20000 - 0x00007ffb6fc2c000 	C:\WINDOWS\SYSTEM32\CRYPTBASE.dll
0x00007ffb69c60000 - 0x00007ffb69c79000 	C:\WINDOWS\SYSTEM32\dhcpcsvc6.DLL
0x00007ffb69c40000 - 0x00007ffb69c5f000 	C:\WINDOWS\SYSTEM32\dhcpcsvc.DLL
0x00007ffb57710000 - 0x00007ffb5771e000 	C:\Users\alkau\Downloads\spring-tool-suite-4-4.22.0.RELEASE-e4.31.0-win32.win32.x86_64.self-extracting\contents\sts-4.22.0.RELEASE\plugins\org.eclipse.justj.openjdk.hotspot.jre.full.win32.x86_64_17.0.10.v20240120-1143\jre\bin\sunmscapi.dll
0x00007ffb70b00000 - 0x00007ffb70c67000 	C:\WINDOWS\System32\CRYPT32.dll
0x00007ffb6feb0000 - 0x00007ffb6fede000 	C:\WINDOWS\SYSTEM32\ncrypt.dll
0x00007ffb6fe20000 - 0x00007ffb6fe57000 	C:\WINDOWS\SYSTEM32\NTASN1.dll
0x00007ffb6d370000 - 0x00007ffb6d378000 	C:\WINDOWS\system32\wshunix.dll

dbghelp: loaded successfully - version: 4.0.5 - missing functions: none
symbol engine: initialized successfully - sym options: 0x614 - pdb path: .;C:\Users\alkau\Downloads\spring-tool-suite-4-4.22.0.RELEASE-e4.31.0-win32.win32.x86_64.self-extracting\contents\sts-4.22.0.RELEASE\plugins\org.eclipse.justj.openjdk.hotspot.jre.full.win32.x86_64_17.0.10.v20240120-1143\jre\bin;C:\WINDOWS\SYSTEM32;C:\WINDOWS\WinSxS\amd64_microsoft.windows.common-controls_6595b64144ccf1df_6.0.22621.3235_none_270f74e173860f98;C:\Users\alkau\Downloads\spring-tool-suite-4-4.22.0.RELEASE-e4.31.0-win32.win32.x86_64.self-extracting\contents\sts-4.22.0.RELEASE\plugins\org.eclipse.justj.openjdk.hotspot.jre.full.win32.x86_64_17.0.10.v20240120-1143\jre\bin\server

VM Arguments:
jvm_args: -Dfile.encoding=UTF-8 -Dstdout.encoding=UTF-8 -Dstderr.encoding=UTF-8 -XX:+ShowCodeDetailsInExceptionMessages 
java_command: day6.Uploadfile
java_class_path (initial): C:\Users\alkau\Documents\workspace-spring-tool-suite-4-4.22.0.RELEASE\.metadata\.metadata\Selenium_Project\target\test-classes;C:\Users\alkau\Documents\workspace-spring-tool-suite-4-4.22.0.RELEASE\.metadata\.metadata\Selenium_Project\target\classes;C:\Users\alkau\.m2\repository\org\seleniumhq\selenium\selenium-java\4.20.0\selenium-java-4.20.0.jar;C:\Users\alkau\.m2\repository\org\seleniumhq\selenium\selenium-api\4.20.0\selenium-api-4.20.0.jar;C:\Users\alkau\.m2\repository\org\seleniumhq\selenium\selenium-chrome-driver\4.20.0\selenium-chrome-driver-4.20.0.jar;C:\Users\alkau\.m2\repository\com\google\auto\service\auto-service-annotations\1.1.1\auto-service-annotations-1.1.1.jar;C:\Users\alkau\.m2\repository\org\seleniumhq\selenium\selenium-chromium-driver\4.20.0\selenium-chromium-driver-4.20.0.jar;C:\Users\alkau\.m2\repository\org\seleniumhq\selenium\selenium-json\4.20.0\selenium-json-4.20.0.jar;C:\Users\alkau\.m2\repository\org\seleniumhq\selenium\selenium-manager\4.20.0\selenium-manager-4.20.0.jar;C:\Users\alkau\.m2\repository\org\seleniumhq\selenium\selenium-devtools-v122\4.20.0\selenium-devtools-v122-4.20.0.jar;C:\Users\alkau\.m2\repository\org\seleniumhq\selenium\selenium-devtools-v123\4.20.0\selenium-devtools-v123-4.20.0.jar;C:\Users\alkau\.m2\repository\org\seleniumhq\selenium\selenium-devtools-v124\4.20.0\selenium-devtools-v124-4.20.0.jar;C:\Users\alkau\.m2\repository\org\seleniumhq\selenium\selenium-devtools-v85\4.20.0\selenium-devtools-v85-4.20.0.jar;C:\Users\alkau\.m2\repository\org\seleniumhq\selenium\selenium-edge-driver\4.20.0\selenium-edge-driver-4.20.0.jar;C:\Users\alkau\.m2\repository\org\seleniumhq\selenium\selenium-firefox-driver\4.20.0\selenium-firefox-driver-4.20.0.jar;C:\Users\alkau\.m2\repository\org\seleniumhq\selenium\selenium-http\4.20.0\selenium-http-4.20.0.jar;C:\Users\alkau\.m2\repository\dev\failsafe\failsafe\3.3.2\failsafe-3.3.2.jar;C:\Users\alkau\.m2\repository\org\seleniumhq\selenium\selenium-ie-driver\4.20
Launcher Type: SUN_STANDARD

[Global flags]
     intx CICompilerCount                          = 3                                         {product} {ergonomic}
     uint ConcGCThreads                            = 1                                         {product} {ergonomic}
     uint G1ConcRefinementThreads                  = 4                                         {product} {ergonomic}
   size_t G1HeapRegionSize                         = 1048576                                   {product} {ergonomic}
    uintx GCDrainStackTargetSize                   = 64                                        {product} {ergonomic}
   size_t InitialHeapSize                          = 132120576                                 {product} {ergonomic}
   size_t MarkStackSize                            = 4194304                                   {product} {ergonomic}
   size_t MaxHeapSize                              = 2090860544                                {product} {ergonomic}
   size_t MaxNewSize                               = 1254096896                                {product} {ergonomic}
   size_t MinHeapDeltaBytes                        = 1048576                                   {product} {ergonomic}
   size_t MinHeapSize                              = 8388608                                   {product} {ergonomic}
    uintx NonNMethodCodeHeapSize                   = 5832780                                {pd product} {ergonomic}
    uintx NonProfiledCodeHeapSize                  = 122912730                              {pd product} {ergonomic}
    uintx ProfiledCodeHeapSize                     = 122912730                              {pd product} {ergonomic}
    uintx ReservedCodeCacheSize                    = 251658240                              {pd product} {ergonomic}
     bool SegmentedCodeCache                       = true                                      {product} {ergonomic}
     bool ShowCodeDetailsInExceptionMessages       = true                                   {manageable} {command line}
   size_t SoftMaxHeapSize                          = 2090860544                             {manageable} {ergonomic}
     bool UseCompressedClassPointers               = true                           {product lp64_product} {ergonomic}
     bool UseCompressedOops                        = true                           {product lp64_product} {ergonomic}
     bool UseG1GC                                  = true                                      {product} {ergonomic}
     bool UseLargePagesIndividualAllocation        = false                                  {pd product} {ergonomic}

Logging:
Log output configuration:
 #0: stdout all=warning uptime,level,tags
 #1: stderr all=off uptime,level,tags

Environment Variables:
PATH=C:/Users/alkau/Downloads/spring-tool-suite-4-4.22.0.RELEASE-e4.31.0-win32.win32.x86_64.self-extracting/contents/sts-4.22.0.RELEASE//plugins/org.eclipse.justj.openjdk.hotspot.jre.full.win32.x86_64_17.0.10.v20240120-1143/jre/bin/server;C:/Users/alkau/Downloads/spring-tool-suite-4-4.22.0.RELEASE-e4.31.0-win32.win32.x86_64.self-extracting/contents/sts-4.22.0.RELEASE//plugins/org.eclipse.justj.openjdk.hotspot.jre.full.win32.x86_64_17.0.10.v20240120-1143/jre/bin;C:\WINDOWS\system32;C:\WINDOWS;C:\WINDOWS\System32\Wbem;C:\WINDOWS\System32\WindowsPowerShell\v1.0\;C:\WINDOWS\System32\OpenSSH\;C:\MinGW\bin;C:\Users\alkau\AppData\Local\Programs\Microsoft VS Code\bin;C:\Users\alkau\Downloads\spring-tool-suite-4-4.22.0.RELEASE-e4.31.0-win32.win32.x86_64.self-extracting\contents\sts-4.22.0.RELEASE;
USERNAME=Alka Upadhyay
OS=Windows_NT
PROCESSOR_IDENTIFIER=Intel64 Family 6 Model 140 Stepping 1, GenuineIntel
TMP=C:\Users\alkau\AppData\Local\Temp
TEMP=C:\Users\alkau\AppData\Local\Temp



Periodic native trim disabled


---------------  S Y S T E M  ---------------

OS:
 Windows 11 , 64 bit Build 22621 (10.0.22621.3374)
OS uptime: 27 days 2:14 hours

CPU: total 4 (initial active 4) (2 cores per cpu, 2 threads per core) family 6 model 140 stepping 1 microcode 0x8a, cx8, cmov, fxsr, ht, mmx, 3dnowpref, sse, sse2, sse3, ssse3, sse4.1, sse4.2, popcnt, lzcnt, tsc, tscinvbit, avx, avx2, aes, erms, clmul, bmi1, bmi2, adx, avx512f, avx512dq, avx512cd, avx512bw, avx512vl, sha, fma, vzeroupper, avx512_vpopcntdq, avx512_vpclmulqdq, avx512_vaes, avx512_vnni, clflush, clflushopt, clwb, avx512_vbmi2, avx512_vbmi
Processor Information for all 4 processors :
  Max Mhz: 2995, Current Mhz: 2995, Mhz Limit: 2995

Memory: 4k page, system-wide physical 7975M (313M free)
TotalPageFile size 20775M (AvailPageFile size 8M)
current process WorkingSet (physical memory assigned to process): 90M, peak: 90M
current process commit charge ("private bytes"): 223M, peak: 224M

vm_info: OpenJDK 64-Bit Server VM (17.0.10+7) for windows-amd64 JRE (17.0.10+7), built on Jan 16 2024 23:25:11 by "admin" with MS VC++ 16.10 / 16.11 (VS2019)

END.
